\BOOKMARK [0][-]{chapter*.2}{\376\377\144\130\000\040\211\201}{}% 1
\BOOKMARK [0][-]{chapter*.3}{\376\377\000A\000B\000S\000T\000R\000A\000C\000T}{}% 2
\BOOKMARK [0][-]{chapter.1}{\376\377\213\272\145\207\166\204\121\205\133\271\211\201\154\102}{}% 3
\BOOKMARK [1][-]{section.1.1}{\376\377\150\007\230\230}{chapter.1}% 4
\BOOKMARK [2][-]{subsection.1.1.1}{\376\377\116\055\145\207\150\007\230\230}{section.1.1}% 5
\BOOKMARK [2][-]{subsection.1.1.2}{\376\377\131\026\145\207\150\007\230\230}{section.1.1}% 6
\BOOKMARK [1][-]{section.1.2}{\376\377\127\372\147\054\117\341\140\157}{chapter.1}% 7
\BOOKMARK [1][-]{section.1.3}{\376\377\142\177\213\372\116\146}{chapter.1}% 8
\BOOKMARK [1][-]{section.1.4}{\376\377\144\130\211\201}{chapter.1}% 9
\BOOKMARK [2][-]{subsection.1.4.1}{\376\377\144\130\211\201\153\143\145\207}{section.1.4}% 10
\BOOKMARK [2][-]{subsection.1.4.2}{\376\377\121\163\225\056\213\315}{section.1.4}% 11
\BOOKMARK [1][-]{section.1.5}{\376\377\166\356\137\125}{chapter.1}% 12
\BOOKMARK [1][-]{section.1.6}{\376\377\153\143\145\207}{chapter.1}% 13
\BOOKMARK [2][-]{subsection.1.6.1}{\376\377\176\352\213\272}{section.1.6}% 14
\BOOKMARK [2][-]{subsection.1.6.2}{\376\377\153\143\145\207\116\073\117\123}{section.1.6}% 15
\BOOKMARK [2][-]{subsection.1.6.3}{\376\377\176\323\213\272}{section.1.6}% 16
\BOOKMARK [1][-]{section.1.7}{\376\377\123\302\200\003\145\207\163\056}{chapter.1}% 17
\BOOKMARK [1][-]{section.1.8}{\376\377\201\364\214\042}{chapter.1}% 18
\BOOKMARK [1][-]{section.1.9}{\376\377\226\104\137\125}{chapter.1}% 19
\BOOKMARK [0][-]{chapter.2}{\376\377\213\272\145\207\166\204\150\074\137\017\211\201\154\102}{}% 20
\BOOKMARK [1][-]{section.2.1}{\376\377\230\165\227\142\213\276\177\156}{chapter.2}% 21
\BOOKMARK [2][-]{subsection.2.1.1}{\376\377\176\270\137\040}{section.2.1}% 22
\BOOKMARK [2][-]{subsection.2.1.2}{\376\377\230\165\217\271\215\335}{section.2.1}% 23
\BOOKMARK [2][-]{subsection.2.1.3}{\376\377\162\110\137\017}{section.2.1}% 24
\BOOKMARK [2][-]{subsection.2.1.4}{\376\377\145\207\150\143\177\121\150\074}{section.2.1}% 25
\BOOKMARK [2][-]{subsection.2.1.5}{\376\377\133\127\117\123}{section.2.1}% 26
\BOOKMARK [2][-]{subsection.2.1.6}{\376\377\153\265\204\075}{section.2.1}% 27
\BOOKMARK [1][-]{section.2.2}{\376\377\134\001\227\142}{chapter.2}% 28
\BOOKMARK [2][-]{subsection.2.2.1}{\376\377\150\007\230\230}{section.2.2}% 29
\BOOKMARK [2][-]{subsection.2.2.2}{\376\377\127\372\147\054\117\341\140\157}{section.2.2}% 30
\BOOKMARK [1][-]{section.2.3}{\376\377\142\177\213\372\116\146}{chapter.2}% 31
\BOOKMARK [1][-]{section.2.4}{\376\377\144\130\211\201}{chapter.2}% 32
\BOOKMARK [1][-]{section.2.5}{\376\377\000A\000B\000S\000T\000R\000A\000C\000T}{chapter.2}% 33
\BOOKMARK [1][-]{section.2.6}{\376\377\166\356\137\125}{chapter.2}% 34
\BOOKMARK [1][-]{section.2.7}{\376\377\153\143\145\207}{chapter.2}% 35
\BOOKMARK [1][-]{section.2.8}{\376\377\123\302\200\003\145\207\163\056}{chapter.2}% 36
\BOOKMARK [1][-]{section.2.9}{\376\377\201\364\214\042}{chapter.2}% 37
\BOOKMARK [0][-]{chapter.3}{\376\377\213\272\145\207\166\204\121\231\117\134\176\306\122\031}{}% 38
\BOOKMARK [1][-]{section.3.1}{\376\377\116\146\121\231}{chapter.3}% 39
\BOOKMARK [1][-]{section.3.2}{\376\377\150\007\160\271\173\046\123\367}{chapter.3}% 40
\BOOKMARK [1][-]{section.3.3}{\376\377\124\015\213\315\060\001\124\015\171\360}{chapter.3}% 41
\BOOKMARK [1][-]{section.3.4}{\376\377\221\317\124\214\123\125\117\115}{chapter.3}% 42
\BOOKMARK [1][-]{section.3.5}{\376\377\145\160\133\127}{chapter.3}% 43
\BOOKMARK [1][-]{section.3.6}{\376\377\150\007\230\230\134\102\153\041}{chapter.3}% 44
\BOOKMARK [1][-]{section.3.7}{\376\377\154\350\221\312\377\010\201\032\154\350\377\011}{chapter.3}% 45
\BOOKMARK [1][-]{section.3.8}{\376\377\121\154\137\017}{chapter.3}% 46
\BOOKMARK [1][-]{section.3.9}{\376\377\210\150\150\074}{chapter.3}% 47
\BOOKMARK [1][-]{section.3.10}{\376\377\143\322\126\376}{chapter.3}% 48
\BOOKMARK [1][-]{section.3.11}{\376\377\123\302\200\003\145\207\163\056}{chapter.3}% 49
\BOOKMARK [1][-]{section.3.12}{\376\377\230\165\227\142}{chapter.3}% 50
\BOOKMARK [1][-]{section.3.13}{\376\377\230\165\170\001}{chapter.3}% 51
\BOOKMARK [0][-]{section*.7}{\376\377\123\302\200\003\145\207\163\056}{}% 52
\BOOKMARK [0][-]{chapter*.8}{\376\377\201\364\000\040\214\042}{}% 53
