mktextfm /resource/STZhongsongB.ttf/OT
mktextfm /resource/STZhongsongB.ttf/I/OT
mktextfm /resource/STZhongsongB.ttf/OT
mktextfm resource/STZhongsongB.ttf/OT
mktextfm resource/STZhongsongB.ttf/I/OT
mktextfm resource/STZhongsongB.ttf/OT
mktextfm STZhongsongB.ttf/OT
mktextfm STZhongsongB.ttf/I/OT
mktextfm STZhongsongB.ttf/OT
mktextfm STZhongsongB.ttf/OT
mktextfm STZhongsongB.ttf/I/OT
mktextfm STZhongsongB.ttf/OT
mktextfm STZhongsongB.ttf/OT
mktextfm STZhongsongB.ttf/I/OT
mktextfm STZhongsongB.ttf/OT
mktextfm STZhongsongB.ttf/OT
mktextfm STZhongsongB.ttf/I/OT
mktextfm STZhongsongB.ttf/OT
mktextfm STZhongsongB.ttf/OT
mktextfm STZhongsongB.ttf/I/OT
mktextfm STZhongsongB.ttf/OT
mktextfm STZhongsongB.ttf/OT
mktextfm STZhongsongB.ttf/OT
